<?xml version="1.0" encoding="UTF-8"?>
<!-- Generated by org.testng.reporters.JUnitXMLReporter -->
<testsuite ignored="1" hostname="DESKTOP-M38HEA9" failures="0" tests="3" name="Default test" time="5.728" errors="0" timestamp="16 Nov 2024 15:07:21 GMT">
  <testcase classname="org.testng.Assertsoft" name="test" time="2.051"/>
  <testcase classname="org.testng.Assertsoft" name="test1" time="0.005"/>
  <testcase classname="org.testng.Assertsoft" name="test2" time="0.006"/>
  <testcase classname="org.testng.Assertsoft" name="test3" time="0.0">
    <ignored/>
  </testcase> <!-- test3 -->
</testsuite> <!-- Default test -->
