<?xml version="1.0" encoding="UTF-8"?>
<testng-results ignored="1" total="4" passed="3" failed="0" skipped="0">
  <reporter-output>
  </reporter-output>
  <suite started-at="2024-11-16T15:07:15Z" name="Default suite" finished-at="2024-11-16T15:07:20Z" duration-ms="5728">
    <groups>
    </groups>
    <test started-at="2024-11-16T15:07:15Z" name="Default test" finished-at="2024-11-16T15:07:20Z" duration-ms="5728">
      <class name="org.testng.Assertsoft">
        <test-method is-config="true" signature="beforeclass()[pri:0, instance:org.testng.Assertsoft@503f91c3]" started-at="2024-11-16T15:07:15Z" name="beforeclass" finished-at="2024-11-16T15:07:18Z" duration-ms="3608" status="PASS">
          <reporter-output>
          </reporter-output>
        </test-method> <!-- beforeclass -->
        <test-method is-config="true" signature="beforemethod()[pri:0, instance:org.testng.Assertsoft@503f91c3]" started-at="2024-11-16T15:07:18Z" name="beforemethod" finished-at="2024-11-16T15:07:18Z" duration-ms="1" status="PASS">
          <reporter-output>
          </reporter-output>
        </test-method> <!-- beforemethod -->
        <test-method signature="test()[pri:0, instance:org.testng.Assertsoft@503f91c3]" started-at="2024-11-16T15:07:18Z" name="test" finished-at="2024-11-16T15:07:20Z" duration-ms="2051" status="PASS">
          <reporter-output>
          </reporter-output>
        </test-method> <!-- test -->
        <test-method is-config="true" signature="aftermethod()[pri:0, instance:org.testng.Assertsoft@503f91c3]" started-at="2024-11-16T15:07:20Z" name="aftermethod" finished-at="2024-11-16T15:07:20Z" duration-ms="0" status="PASS">
          <reporter-output>
          </reporter-output>
        </test-method> <!-- aftermethod -->
        <test-method is-config="true" signature="beforemethod()[pri:0, instance:org.testng.Assertsoft@503f91c3]" started-at="2024-11-16T15:07:20Z" name="beforemethod" finished-at="2024-11-16T15:07:20Z" duration-ms="1" status="PASS">
          <reporter-output>
          </reporter-output>
        </test-method> <!-- beforemethod -->
        <test-method signature="test1()[pri:0, instance:org.testng.Assertsoft@503f91c3]" started-at="2024-11-16T15:07:20Z" name="test1" finished-at="2024-11-16T15:07:20Z" duration-ms="5" status="PASS">
          <reporter-output>
          </reporter-output>
        </test-method> <!-- test1 -->
        <test-method is-config="true" signature="aftermethod()[pri:0, instance:org.testng.Assertsoft@503f91c3]" started-at="2024-11-16T15:07:20Z" name="aftermethod" finished-at="2024-11-16T15:07:20Z" duration-ms="0" status="PASS">
          <reporter-output>
          </reporter-output>
        </test-method> <!-- aftermethod -->
        <test-method is-config="true" signature="beforemethod()[pri:0, instance:org.testng.Assertsoft@503f91c3]" started-at="2024-11-16T15:07:20Z" name="beforemethod" finished-at="2024-11-16T15:07:20Z" duration-ms="0" status="PASS">
          <reporter-output>
          </reporter-output>
        </test-method> <!-- beforemethod -->
        <test-method signature="test2()[pri:0, instance:org.testng.Assertsoft@503f91c3]" started-at="2024-11-16T15:07:20Z" name="test2" finished-at="2024-11-16T15:07:20Z" duration-ms="6" status="PASS">
          <reporter-output>
          </reporter-output>
        </test-method> <!-- test2 -->
        <test-method is-config="true" signature="aftermethod()[pri:0, instance:org.testng.Assertsoft@503f91c3]" started-at="2024-11-16T15:07:20Z" name="aftermethod" finished-at="2024-11-16T15:07:20Z" duration-ms="1" status="PASS">
          <reporter-output>
          </reporter-output>
        </test-method> <!-- aftermethod -->
        <test-method is-config="true" signature="afterclass()[pri:0, instance:org.testng.Assertsoft@503f91c3]" started-at="2024-11-16T15:07:20Z" name="afterclass" finished-at="2024-11-16T15:07:20Z" duration-ms="1" status="PASS">
          <reporter-output>
          </reporter-output>
        </test-method> <!-- afterclass -->
      </class> <!-- org.testng.Assertsoft -->
    </test> <!-- Default test -->
  </suite> <!-- Default suite -->
</testng-results>
